2024-10-08 13:16:01,063 - INFO - Calculated Typical Price.
2024-10-08 13:16:01,177 - INFO - Calculated VWAP for each cryptocurrency.
2024-10-08 13:16:01,177 - INFO - Determining price change thresholds at the 98th percentile.
2024-10-08 13:16:01,177 - INFO - Threshold for avalanche - Open_Pct_Change: 15.89
2024-10-08 13:16:01,195 - INFO - Threshold for avalanche - High_Pct_Change: 13.50
2024-10-08 13:16:01,197 - INFO - Threshold for avalanche - Low_Pct_Change: 14.30
2024-10-08 13:16:01,197 - INFO - Threshold for avalanche - Close_Pct_Change: 16.28
2024-10-08 13:16:01,198 - INFO - Threshold for avalanche - Volume_Pct_Change: 93.11
2024-10-08 13:16:01,203 - INFO - Threshold for binance-coin - Open_Pct_Change: 13.43
2024-10-08 13:16:01,203 - INFO - Threshold for binance-coin - High_Pct_Change: 12.06
2024-10-08 13:16:01,205 - INFO - Threshold for binance-coin - Low_Pct_Change: 11.19
2024-10-08 13:16:01,205 - INFO - Threshold for binance-coin - Close_Pct_Change: 13.28
2024-10-08 13:16:01,207 - INFO - Threshold for binance-coin - Volume_Pct_Change: 86.24
2024-10-08 13:16:01,210 - INFO - Threshold for bitcoin - Open_Pct_Change: 11.69
2024-10-08 13:16:01,212 - INFO - Threshold for bitcoin - High_Pct_Change: 11.70
2024-10-08 13:16:01,214 - INFO - Threshold for bitcoin - Low_Pct_Change: 11.69
2024-10-08 13:16:01,214 - INFO - Threshold for bitcoin - Close_Pct_Change: 11.79
2024-10-08 13:16:01,215 - INFO - Threshold for bitcoin - Volume_Pct_Change: 84.60
2024-10-08 13:16:01,219 - INFO - Threshold for bitcoin-cash - Open_Pct_Change: 16.11
2024-10-08 13:16:01,221 - INFO - Threshold for bitcoin-cash - High_Pct_Change: 14.58
2024-10-08 13:16:01,221 - INFO - Threshold for bitcoin-cash - Low_Pct_Change: 13.81
2024-10-08 13:16:01,222 - INFO - Threshold for bitcoin-cash - Close_Pct_Change: 15.85
2024-10-08 13:16:01,224 - INFO - Threshold for bitcoin-cash - Volume_Pct_Change: 100.56
2024-10-08 13:16:01,229 - INFO - Threshold for cardano - Open_Pct_Change: 15.24
2024-10-08 13:16:01,229 - INFO - Threshold for cardano - High_Pct_Change: 14.05
2024-10-08 13:16:01,229 - INFO - Threshold for cardano - Low_Pct_Change: 14.09
2024-10-08 13:16:01,229 - INFO - Threshold for cardano - Close_Pct_Change: 15.25
2024-10-08 13:16:01,229 - INFO - Threshold for cardano - Volume_Pct_Change: 110.53
2024-10-08 13:16:01,240 - INFO - Threshold for chainlink - Open_Pct_Change: 16.11
2024-10-08 13:16:01,240 - INFO - Threshold for chainlink - High_Pct_Change: 15.79
2024-10-08 13:16:01,240 - INFO - Threshold for chainlink - Low_Pct_Change: 14.40
2024-10-08 13:16:01,244 - INFO - Threshold for chainlink - Close_Pct_Change: 15.75
2024-10-08 13:16:01,246 - INFO - Threshold for chainlink - Volume_Pct_Change: 121.99
2024-10-08 13:16:01,250 - INFO - Threshold for dogecoin - Open_Pct_Change: 19.01
2024-10-08 13:16:01,250 - INFO - Threshold for dogecoin - High_Pct_Change: 19.73
2024-10-08 13:16:01,254 - INFO - Threshold for dogecoin - Low_Pct_Change: 16.77
2024-10-08 13:16:01,254 - INFO - Threshold for dogecoin - Close_Pct_Change: 18.80
2024-10-08 13:16:01,257 - INFO - Threshold for dogecoin - Volume_Pct_Change: 177.89
2024-10-08 13:16:01,261 - INFO - Threshold for ethereum - Open_Pct_Change: 14.12
2024-10-08 13:16:01,261 - INFO - Threshold for ethereum - High_Pct_Change: 14.01
2024-10-08 13:16:01,261 - INFO - Threshold for ethereum - Low_Pct_Change: 13.11
2024-10-08 13:16:01,261 - INFO - Threshold for ethereum - Close_Pct_Change: 14.10
2024-10-08 13:16:01,261 - INFO - Threshold for ethereum - Volume_Pct_Change: 112.76
2024-10-08 13:16:01,272 - INFO - Threshold for kaspa - Open_Pct_Change: 22.71
2024-10-08 13:16:01,272 - INFO - Threshold for kaspa - High_Pct_Change: 25.07
2024-10-08 13:16:01,272 - INFO - Threshold for kaspa - Low_Pct_Change: 19.99
2024-10-08 13:16:01,272 - INFO - Threshold for kaspa - Close_Pct_Change: 23.30
2024-10-08 13:16:01,272 - INFO - Threshold for kaspa - Volume_Pct_Change: 139.63
2024-10-08 13:16:01,272 - INFO - Threshold for lido-staked-ether - Open_Pct_Change: 10.07
2024-10-08 13:16:01,272 - INFO - Threshold for lido-staked-ether - High_Pct_Change: 8.38
2024-10-08 13:16:01,272 - INFO - Threshold for lido-staked-ether - Low_Pct_Change: 10.83
2024-10-08 13:16:01,283 - INFO - Threshold for lido-staked-ether - Close_Pct_Change: 9.83
2024-10-08 13:16:01,286 - INFO - Threshold for lido-staked-ether - Volume_Pct_Change: 432.26
2024-10-08 13:16:01,287 - INFO - Threshold for litecoin - Open_Pct_Change: 13.41
2024-10-08 13:16:01,287 - INFO - Threshold for litecoin - High_Pct_Change: 13.27
2024-10-08 13:16:01,287 - INFO - Threshold for litecoin - Low_Pct_Change: 12.67
2024-10-08 13:16:01,287 - INFO - Threshold for litecoin - Close_Pct_Change: 13.24
2024-10-08 13:16:01,287 - INFO - Threshold for litecoin - Volume_Pct_Change: 124.83
2024-10-08 13:16:01,300 - INFO - Threshold for near-protocol - Open_Pct_Change: 16.13
2024-10-08 13:16:01,302 - INFO - Threshold for near-protocol - High_Pct_Change: 17.21
2024-10-08 13:16:01,305 - INFO - Threshold for near-protocol - Low_Pct_Change: 14.53
2024-10-08 13:16:01,305 - INFO - Threshold for near-protocol - Close_Pct_Change: 16.20
2024-10-08 13:16:01,305 - INFO - Threshold for near-protocol - Volume_Pct_Change: 120.45
2024-10-08 13:16:01,305 - INFO - Threshold for polkadot - Open_Pct_Change: 13.13
2024-10-08 13:16:01,318 - INFO - Threshold for polkadot - High_Pct_Change: 11.18
2024-10-08 13:16:01,320 - INFO - Threshold for polkadot - Low_Pct_Change: 12.90
2024-10-08 13:16:01,320 - INFO - Threshold for polkadot - Close_Pct_Change: 12.37
2024-10-08 13:16:01,320 - INFO - Threshold for polkadot - Volume_Pct_Change: 90.74
2024-10-08 13:16:01,320 - INFO - Threshold for ripple - Open_Pct_Change: 4.54
2024-10-08 13:16:01,320 - INFO - Threshold for ripple - High_Pct_Change: 5.81
2024-10-08 13:16:01,320 - INFO - Threshold for ripple - Low_Pct_Change: 4.01
2024-10-08 13:16:01,320 - INFO - Threshold for ripple - Close_Pct_Change: 4.79
2024-10-08 13:16:01,320 - INFO - Threshold for ripple - Volume_Pct_Change: 65.88
2024-10-08 13:16:01,335 - INFO - Threshold for shiba-inu - Open_Pct_Change: 31.55
2024-10-08 13:16:01,335 - INFO - Threshold for shiba-inu - High_Pct_Change: 35.38
2024-10-08 13:16:01,340 - INFO - Threshold for shiba-inu - Low_Pct_Change: 24.38
2024-10-08 13:16:01,340 - INFO - Threshold for shiba-inu - Close_Pct_Change: 31.79
2024-10-08 13:16:01,340 - INFO - Threshold for shiba-inu - Volume_Pct_Change: 413.20
2024-10-08 13:16:01,346 - INFO - Threshold for solana - Open_Pct_Change: 16.78
2024-10-08 13:16:01,346 - INFO - Threshold for solana - High_Pct_Change: 16.50
2024-10-08 13:16:01,346 - INFO - Threshold for solana - Low_Pct_Change: 15.37
2024-10-08 13:16:01,346 - INFO - Threshold for solana - Close_Pct_Change: 16.54
2024-10-08 13:16:01,346 - INFO - Threshold for solana - Volume_Pct_Change: 122.96
2024-10-08 13:16:01,353 - INFO - Threshold for tether - Open_Pct_Change: 0.99
2024-10-08 13:16:01,353 - INFO - Threshold for tether - High_Pct_Change: 0.99
2024-10-08 13:16:01,353 - INFO - Threshold for tether - Low_Pct_Change: 1.02
2024-10-08 13:16:01,353 - INFO - Threshold for tether - Close_Pct_Change: 0.99
2024-10-08 13:16:01,353 - INFO - Threshold for tether - Volume_Pct_Change: 220.68
2024-10-08 13:16:01,367 - INFO - Threshold for toncoin - Open_Pct_Change: 14.08
2024-10-08 13:16:01,367 - INFO - Threshold for toncoin - High_Pct_Change: 15.36
2024-10-08 13:16:01,367 - INFO - Threshold for toncoin - Low_Pct_Change: 15.21
2024-10-08 13:16:01,367 - INFO - Threshold for toncoin - Close_Pct_Change: 14.78
2024-10-08 13:16:01,367 - INFO - Threshold for toncoin - Volume_Pct_Change: 157.90
2024-10-08 13:16:01,376 - INFO - Threshold for tron - Open_Pct_Change: 15.00
2024-10-08 13:16:01,376 - INFO - Threshold for tron - High_Pct_Change: 16.12
2024-10-08 13:16:01,378 - INFO - Threshold for tron - Low_Pct_Change: 13.94
2024-10-08 13:16:01,378 - INFO - Threshold for tron - Close_Pct_Change: 15.17
2024-10-08 13:16:01,379 - INFO - Threshold for tron - Volume_Pct_Change: 91.51
2024-10-08 13:16:01,383 - INFO - Threshold for uniswap - Open_Pct_Change: 14.72
2024-10-08 13:16:01,383 - INFO - Threshold for uniswap - High_Pct_Change: 12.53
2024-10-08 13:16:01,383 - INFO - Threshold for uniswap - Low_Pct_Change: 13.77
2024-10-08 13:16:01,383 - INFO - Threshold for uniswap - Close_Pct_Change: 14.50
2024-10-08 13:16:01,383 - INFO - Threshold for uniswap - Volume_Pct_Change: 95.52
2024-10-08 13:16:01,383 - INFO - Threshold for usd-coin - Open_Pct_Change: 0.80
2024-10-08 13:16:01,383 - INFO - Threshold for usd-coin - High_Pct_Change: 1.03
2024-10-08 13:16:01,383 - INFO - Threshold for usd-coin - Low_Pct_Change: 0.97
2024-10-08 13:16:01,383 - INFO - Threshold for usd-coin - Close_Pct_Change: 0.78
2024-10-08 13:16:01,383 - INFO - Threshold for usd-coin - Volume_Pct_Change: 108.56
2024-10-08 13:16:01,398 - INFO - Threshold for weth - Open_Pct_Change: 11.05
2024-10-08 13:16:01,398 - INFO - Threshold for weth - High_Pct_Change: 11.79
2024-10-08 13:16:01,401 - INFO - Threshold for weth - Low_Pct_Change: 14.00
2024-10-08 13:16:01,401 - INFO - Threshold for weth - Close_Pct_Change: 10.68
2024-10-08 13:16:01,403 - INFO - Threshold for weth - Volume_Pct_Change: 275.16
2024-10-08 13:16:01,406 - INFO - Threshold for wrapped-bitcoin - Open_Pct_Change: 8.72
2024-10-08 13:16:01,408 - INFO - Threshold for wrapped-bitcoin - High_Pct_Change: 8.45
2024-10-08 13:16:01,408 - INFO - Threshold for wrapped-bitcoin - Low_Pct_Change: 8.78
2024-10-08 13:16:01,410 - INFO - Threshold for wrapped-bitcoin - Close_Pct_Change: 8.85
2024-10-08 13:16:01,410 - INFO - Threshold for wrapped-bitcoin - Volume_Pct_Change: 152.39
2024-10-08 13:16:01,414 - INFO - Threshold for wrapped-steth - Open_Pct_Change: 8.06
2024-10-08 13:16:01,414 - INFO - Threshold for wrapped-steth - High_Pct_Change: 7.92
2024-10-08 13:16:01,416 - INFO - Threshold for wrapped-steth - Low_Pct_Change: 9.85
2024-10-08 13:16:01,416 - INFO - Threshold for wrapped-steth - Close_Pct_Change: 7.91
2024-10-08 13:16:01,418 - INFO - Threshold for wrapped-steth - Volume_Pct_Change: 853.47
2024-10-08 13:16:01,419 - INFO - Thresholds saved to 'thresholds.json'.
2024-10-08 13:16:01,465 - INFO - Dropped unnecessary columns from the DataFrame.
2024-10-08 13:16:01,465 - INFO - All calculations performed successfully.
2024-10-08 13:18:57,525 - INFO - Calculated Typical Price.
2024-10-08 13:18:57,683 - INFO - Calculated VWAP for each cryptocurrency.
2024-10-08 13:18:57,683 - INFO - Thresholds loaded from 'thresholds.json'.
2024-10-08 13:18:57,771 - INFO - Dropped unnecessary columns from the DataFrame.
2024-10-08 13:18:57,776 - INFO - Detected 0 large changes in data.
2024-10-08 13:18:57,776 - INFO - No large changes detected in New Data (Last 2 Days).
